<?xml version="1.0" encoding="UTF-8"?>
<!-- Generated by org.testng.reporters.JUnitReportReporter -->
<testsuite hostname="LAPTOP-MM2SMBKA" failures="0" tests="1" name="testscripts.Qalegendproducts" time="29.138" errors="0" timestamp="2025-03-04T16:38:32 IST" skipped="0">
  <testcase classname="testscripts.Qalegendproducts" name="addNewUnit" time="29.138"/>
</testsuite> <!-- testscripts.Qalegendproducts -->
