<?xml version="1.0" encoding="UTF-8"?>
<!-- Generated by org.testng.reporters.JUnitReportReporter -->
<testsuite hostname="LAPTOP-MM2SMBKA" failures="0" tests="1" name="testscripts.Qalegendcontacts" time="35.063" errors="0" timestamp="2025-03-04T21:05:35 IST" skipped="0">
  <testcase classname="testscripts.Qalegendcontacts" name="createNewSupplier" time="35.063"/>
</testsuite> <!-- testscripts.Qalegendcontacts -->
