<?xml version="1.0" encoding="UTF-8"?>
<!-- Generated by org.testng.reporters.JUnitReportReporter -->
<testsuite hostname="LAPTOP-MM2SMBKA" failures="0" tests="1" name="testscripts.Qalegendrolestc" time="24.506" errors="0" timestamp="2025-03-04T12:36:25 IST" skipped="0">
  <testcase classname="testscripts.Qalegendrolestc" name="addRole" time="24.506"/>
</testsuite> <!-- testscripts.Qalegendrolestc -->
